<?xml version="1.0" encoding="UTF-8"?>
<beans xmlns="http://www.springframework.org/schema/beans"
	xmlns:xsi="http://www.w3.org/2001/XMLSchema-instance" xmlns:context="http://www.springframework.org/schema/context"
	xsi:schemaLocation="
    http://www.springframework.org/schema/beans http://www.springframework.org/schema/beans/spring-beans-3.0.xsd
    http://www.springframework.org/schema/context http://www.springframework.org/schema/context/spring-context-3.0.xsd">

	<context:annotation-config />
	<context:property-placeholder location="classpath:jdbc.properties" />
	<context:component-scan base-package="com.leinbow" />

	<!-- DATA SOURCE -->
	<bean id="dataSource"
		class="org.springframework.jdbc.datasource.DriverManagerDataSource">
		<property name="driverClassName" value="${jdbc.driverClassName}" />
		<property name="url" value="${jdbc.url}" />
		<property name="username" value="${jdbc.username}" />
		<property name="password" value="${jdbc.password}" />
	</bean>

	<!-- SQL SESSION FACTORY -->
	<bean id="sqlSessionFactory" class="org.mybatis.spring.SqlSessionFactoryBean">
		<property name="dataSource" ref="dataSource" />
		<property name="mapperLocations" value="classpath:sql-map-*.xml" />
	</bean>

	<!-- SQL SESSION -->
	<bean id="sqlSession" class="org.mybatis.spring.SqlSessionTemplate">
		<constructor-arg index="0" ref="sqlSessionFactory" />
	</bean>

	<!-- TRANSACTION MANAGER -->
	<bean id="transactionManager"
		class="org.springframework.jdbc.datasource.DataSourceTransactionManager">
		<property name="dataSource" ref="dataSource" />
	</bean>

	<!-- MESSAGE SOURCE -->
	<bean id="messageSource"
		class="org.springframework.context.support.ReloadableResourceBundleMessageSource">
		<property name="basenames" value="messages-error"/>
	</bean>

	<!-- MESSAGE SOURCE ACCESSOR -->
	<bean id="messageSourceAccessor"
		class="org.springframework.context.support.MessageSourceAccessor">
		<constructor-arg>
			<ref local="messageSource" />
		</constructor-arg>
	</bean>

	<bean id="leinbowMessages"
		class="com.leinbow.message.LeinbowMessages">
		<constructor-arg>
			<ref local="messageSourceAccessor"/>
		</constructor-arg>
	</bean>

</beans>
