<?xml version="1.0" encoding="UTF-8"?>

<beans:beans xmlns="http://www.springframework.org/schema/security"
    xmlns:beans="http://www.springframework.org/schema/beans"
    xmlns:xsi="http://www.w3.org/2001/XMLSchema-instance"
    xsi:schemaLocation="http://www.springframework.org/schema/beans http://www.springframework.org/schema/beans/spring-beans-3.0.xsd
                        http://www.springframework.org/schema/security http://www.springframework.org/schema/security/spring-security-3.1.xsd">

    <!-- HTTP security configurations -->
    <global-method-security pre-post-annotations="enabled"/>


    <!-- security無視URL -->
    <http pattern="/common/**" security="none"/>
    <http pattern="/login/**" security="none"/>

    <http auto-config='false' entry-point-ref="authenticationEntryPoint">
        <intercept-url pattern="/index*" access="IS_AUTHENTICATED_ANONYMOUSLY"/>
        <intercept-url pattern="/js/**" access="IS_AUTHENTICATED_ANONYMOUSLY"/>
        <intercept-url pattern="/main*" access="ROLE_USER" />

        <custom-filter position="FORM_LOGIN_FILTER" ref="authenticationFilter" />
    </http>


    <beans:bean id="authenticationEntryPoint" class="org.springframework.security.web.authentication.LoginUrlAuthenticationEntryPoint">
        <beans:property name="loginFormUrl" value="/login.jsp" />
    </beans:bean>

    <beans:bean id="authenticationFilter" class="com.leinbow.web.security.LoginAuthProcessingFilter">
        <beans:property name="authenticationManager" ref="authenticationManager" />
        <beans:property name="filterProcessesUrl" value="/j_spring_security_check"/>
    </beans:bean>

    <!--
    Usernames/Passwords are
        moez/moez
        test/test
    -->
    <authentication-manager alias="authenticationManager" >
        <authentication-provider>
            <password-encoder hash="md5"/>
            <user-service>
                <user name="moez" password="f69471ca2c42621b8b8e731b2b4446e4" authorities="ROLE_SUPERVISOR, ROLE_USER, ROLE_TELLER" />
                <user name="test" password="098f6bcd4621d373cade4e832627b4f6" authorities="ROLE_USER" />
            </user-service>
        </authentication-provider>
    </authentication-manager>

</beans:beans>